<?xml version="1.0" encoding="UTF-8"?>
<!-- Generated by org.testng.reporters.JUnitReportReporter -->
<testsuite hostname="Ulises" name="phptravels.WebDriverTest" tests="1" failures="0" timestamp="5 Aug 2017 21:35:35 GMT" time="0.452" errors="0">
  <testcase name="login" time="0.452" classname="phptravels.WebDriverTest"/>
</testsuite> <!-- phptravels.WebDriverTest -->
