<?xml version="1.0" encoding="UTF-8"?>
<!-- Generated by org.testng.reporters.JUnitReportReporter -->
<testsuite hostname="Ulises" name="testing.HomeTest" tests="2" failures="0" timestamp="4 Sep 2017 22:33:42 GMT" time="18.333" errors="0">
  <testcase name="nextDayHotel" time="10.777" classname="testing.HomeTest"/>
  <testcase name="nextDayHotel" time="7.556" classname="testing.HomeTest"/>
</testsuite> <!-- testing.HomeTest -->
